<?xml version="1.0" encoding="UTF-8"?>
<testng-results ignored="0" total="5" passed="5" failed="0" skipped="0">
  <reporter-output>
  </reporter-output>
  <suite started-at="2025-01-16T00:51:28 IST" name="Default suite" finished-at="2025-01-16T00:51:28 IST" duration-ms="202">
    <groups>
    </groups>
    <test started-at="2025-01-16T00:51:28 IST" name="Default test" finished-at="2025-01-16T00:51:28 IST" duration-ms="202">
      <class name="testPractice.TestNgPriorityAndDependsOnMethods">
        <test-method signature="createUser()[pri:1, instance:testPractice.TestNgPriorityAndDependsOnMethods@31368b99]" started-at="2025-01-16T00:51:28 IST" name="createUser" finished-at="2025-01-16T00:51:28 IST" duration-ms="38" status="PASS">
          <reporter-output>
          </reporter-output>
        </test-method> <!-- createUser -->
        <test-method signature="createUser()[pri:1, instance:testPractice.TestNgPriorityAndDependsOnMethods@31368b99]" started-at="2025-01-16T00:51:28 IST" name="createUser" finished-at="2025-01-16T00:51:28 IST" duration-ms="6" status="PASS">
          <reporter-output>
          </reporter-output>
        </test-method> <!-- createUser -->
        <test-method signature="createUser()[pri:1, instance:testPractice.TestNgPriorityAndDependsOnMethods@31368b99]" started-at="2025-01-16T00:51:28 IST" name="createUser" finished-at="2025-01-16T00:51:28 IST" duration-ms="3" status="PASS">
          <reporter-output>
          </reporter-output>
        </test-method> <!-- createUser -->
        <test-method signature="updateUser()[pri:2, instance:testPractice.TestNgPriorityAndDependsOnMethods@31368b99]" started-at="2025-01-16T00:51:28 IST" name="updateUser" finished-at="2025-01-16T00:51:28 IST" depends-on-methods="testPractice.TestNgPriorityAndDependsOnMethods.createUser" duration-ms="3" status="PASS">
          <reporter-output>
          </reporter-output>
        </test-method> <!-- updateUser -->
        <test-method signature="deleteUser()[pri:3, instance:testPractice.TestNgPriorityAndDependsOnMethods@31368b99]" started-at="2025-01-16T00:51:28 IST" name="deleteUser" finished-at="2025-01-16T00:51:28 IST" depends-on-methods="testPractice.TestNgPriorityAndDependsOnMethods.createUser" duration-ms="2" status="PASS">
          <reporter-output>
          </reporter-output>
        </test-method> <!-- deleteUser -->
      </class> <!-- testPractice.TestNgPriorityAndDependsOnMethods -->
    </test> <!-- Default test -->
  </suite> <!-- Default suite -->
</testng-results>
