<?xml version="1.0" encoding="UTF-8"?>
<!-- Generated by org.testng.reporters.JUnitXMLReporter -->
<testsuite ignored="0" hostname="DESKTOP-CFS2EAU" failures="0" tests="5" name="Default test" time="0.202" errors="0" timestamp="2025-01-16T00:51:28 IST">
  <testcase classname="testPractice.TestNgPriorityAndDependsOnMethods" name="createUser" time="0.038"/>
  <testcase classname="testPractice.TestNgPriorityAndDependsOnMethods" name="createUser" time="0.006"/>
  <testcase classname="testPractice.TestNgPriorityAndDependsOnMethods" name="createUser" time="0.003"/>
  <testcase classname="testPractice.TestNgPriorityAndDependsOnMethods" name="updateUser" time="0.003"/>
  <testcase classname="testPractice.TestNgPriorityAndDependsOnMethods" name="deleteUser" time="0.002"/>
</testsuite> <!-- Default test -->
