<?xml version="1.0" encoding="UTF-8"?>
<!-- Generated by org.testng.reporters.JUnitXMLReporter -->
<testsuite ignored="0" hostname="DESKTOP-CFS2EAU" failures="0" tests="3" name="Default test" time="0.21" errors="0" timestamp="2025-01-20T00:18:56 IST">
  <testcase classname="testPractice.Annotation2" name="test1" time="0.027"/>
  <testcase classname="testPractice.Annotation2" name="test2" time="0.005"/>
  <testcase classname="testPractice.Annotation2" name="test2" time="0.003"/>
</testsuite> <!-- Default test -->
